<?xml version="1.0" encoding="UTF-8"?>
<!-- Generated by org.testng.reporters.JUnitReportReporter -->
<testsuite skipped="0" hostname="kushan" name="Test.testCases" tests="3" failures="0" timestamp="24 Dec 2018 02:21:34 GMT" time="10.412" errors="0">
  <testcase name="testPost" time="1.297" classname="Test.testCases"/>
  <testcase name="testDelete" time="2.227" classname="Test.testCases"/>
  <testcase name="testGet" time="6.888" classname="Test.testCases"/>
</testsuite> <!-- Test.testCases -->
